[2021-02-02T02:51:05.065] [DEBUG] cheese - login => username:"123",password:"123"
[2021-02-02T02:51:05.067] [DEBUG] cheese - "123"
[2021-02-02T02:51:05.077] [DEBUG] cheese - null
[2021-02-02T02:51:05.077] [DEBUG] cheese - null
[2021-02-02T02:53:14.050] [DEBUG] cheese - login => username:"admin",password:"123456"
[2021-02-02T02:53:14.050] [DEBUG] cheese - "admin"
[2021-02-02T02:53:14.052] [DEBUG] cheese - null
[2021-02-02T02:53:14.052] [DEBUG] cheese - null
[2021-02-02T02:53:59.621] [DEBUG] cheese - login => username:"admin",password:"123456"
[2021-02-02T02:53:59.621] [DEBUG] cheese - "admin"
[2021-02-02T02:53:59.623] [DEBUG] cheese - null
[2021-02-02T02:53:59.623] [DEBUG] cheese - null
[2021-02-02T03:02:55.259] [DEBUG] cheese - login => username:"admin",password:"123"
[2021-02-02T03:02:55.259] [DEBUG] cheese - "admin"
[2021-02-02T03:02:55.263] [DEBUG] cheese - null
[2021-02-02T03:02:55.263] [DEBUG] cheese - null
[2021-02-02T03:03:47.587] [DEBUG] cheese - login => username:admin,password:123456
[2021-02-02T03:03:47.587] [DEBUG] cheese - admin
[2021-02-02T03:03:47.592] [DEBUG] cheese - null
[2021-02-02T03:03:47.592] [DEBUG] cheese - null
[2021-02-03T09:49:14.795] [DEBUG] cheese - login => username:admin,password:123456
[2021-02-03T09:49:14.795] [DEBUG] cheese - admin
[2021-02-03T09:49:14.801] [DEBUG] cheese - login => username:admin,password:123456
[2021-02-03T09:49:14.801] [DEBUG] cheese - admin
[2021-02-03T09:49:14.804] [DEBUG] cheese - login => username:admin,password:123456
[2021-02-03T09:49:14.805] [DEBUG] cheese - admin
[2021-02-03T09:49:14.806] [DEBUG] cheese - login => username:admin,password:123456
[2021-02-03T09:49:14.806] [DEBUG] cheese - admin
[2021-02-03T09:49:14.807] [DEBUG] cheese - login => username:admin,password:123456
[2021-02-03T09:49:14.807] [DEBUG] cheese - admin
[2021-02-03T09:49:14.809] [DEBUG] cheese - login => username:admin,password:123456
[2021-02-03T09:49:14.809] [DEBUG] cheese - admin
[2021-02-03T09:49:14.827] [DEBUG] cheese - null
[2021-02-03T09:49:14.827] [DEBUG] cheese - null
[2021-02-03T09:49:14.914] [DEBUG] cheese - login => username:admin,password:123456
[2021-02-03T09:49:14.914] [DEBUG] cheese - admin
[2021-02-03T09:49:14.919] [DEBUG] cheese - null
[2021-02-03T09:49:14.919] [DEBUG] cheese - null
[2021-02-03T09:49:15.007] [DEBUG] cheese - null
[2021-02-03T09:49:15.007] [DEBUG] cheese - null
[2021-02-03T09:49:15.090] [DEBUG] cheese - null
[2021-02-03T09:49:15.090] [DEBUG] cheese - null
[2021-02-03T09:49:15.173] [DEBUG] cheese - null
[2021-02-03T09:49:15.173] [DEBUG] cheese - null
[2021-02-03T09:49:15.256] [DEBUG] cheese - null
[2021-02-03T09:49:15.256] [DEBUG] cheese - null
[2021-02-03T09:49:15.337] [DEBUG] cheese - null
[2021-02-03T09:49:15.337] [DEBUG] cheese - null
[2021-02-03T09:49:15.417] [DEBUG] cheese - login => username:admin,password:123456
[2021-02-03T09:49:15.417] [DEBUG] cheese - admin
[2021-02-03T09:49:15.419] [DEBUG] cheese - login => username:admin,password:123456
[2021-02-03T09:49:15.419] [DEBUG] cheese - admin
[2021-02-03T09:49:15.421] [DEBUG] cheese - login => username:admin,password:123456
[2021-02-03T09:49:15.421] [DEBUG] cheese - admin
[2021-02-03T09:49:15.425] [DEBUG] cheese - login => username:admin,password:123456
[2021-02-03T09:49:15.425] [DEBUG] cheese - admin
[2021-02-03T09:49:15.427] [DEBUG] cheese - null
[2021-02-03T09:49:15.427] [DEBUG] cheese - null
[2021-02-03T09:49:15.508] [DEBUG] cheese - null
[2021-02-03T09:49:15.508] [DEBUG] cheese - null
[2021-02-03T09:49:15.586] [DEBUG] cheese - null
[2021-02-03T09:49:15.586] [DEBUG] cheese - null
[2021-02-03T09:49:15.672] [DEBUG] cheese - null
[2021-02-03T09:49:15.672] [DEBUG] cheese - null
[2021-02-03T09:49:53.582] [DEBUG] cheese - login => username:admin,password:123456
[2021-02-03T09:49:53.583] [DEBUG] cheese - admin
[2021-02-03T09:49:53.603] [DEBUG] cheese - null
[2021-02-03T09:49:53.604] [DEBUG] cheese - null
[2021-02-03T09:50:42.956] [DEBUG] cheese - login => username:123,password:123
[2021-02-03T09:50:42.956] [DEBUG] cheese - 123
[2021-02-03T09:50:42.960] [DEBUG] cheese - null
[2021-02-03T09:50:42.961] [DEBUG] cheese - null
[2021-02-03T09:51:37.500] [DEBUG] cheese - login => username:admin,password:123456
[2021-02-03T09:51:37.500] [DEBUG] cheese - admin
[2021-02-03T09:51:37.503] [DEBUG] cheese - null
[2021-02-03T09:51:37.503] [DEBUG] cheese - null
[2021-02-03T09:51:52.123] [DEBUG] cheese - login => username:admin,password:123456
[2021-02-03T09:51:52.123] [DEBUG] cheese - admin
[2021-02-03T09:51:52.125] [DEBUG] cheese - null
[2021-02-03T09:51:52.125] [DEBUG] cheese - null
[2021-02-03T09:52:02.401] [DEBUG] cheese - login => username:admin,password:1234565
[2021-02-03T09:52:02.401] [DEBUG] cheese - admin
[2021-02-03T09:52:02.403] [DEBUG] cheese - null
[2021-02-03T09:52:02.403] [DEBUG] cheese - null
[2021-02-03T10:49:15.630] [DEBUG] cheese - login => username:admin,password:123456
[2021-02-03T10:49:15.631] [DEBUG] cheese - admin
[2021-02-03T10:49:15.644] [DEBUG] cheese - null
[2021-02-03T10:49:15.645] [DEBUG] cheese - null
[2021-02-03T10:49:33.742] [DEBUG] cheese - login => username:admin,password:123456
[2021-02-03T10:49:33.742] [DEBUG] cheese - admin
[2021-02-03T10:49:33.746] [DEBUG] cheese - null
[2021-02-03T10:49:33.746] [DEBUG] cheese - null
[2021-02-03T10:51:51.581] [DEBUG] cheese - login => username:admin,password:123456
[2021-02-03T10:51:51.582] [DEBUG] cheese - admin
[2021-02-03T10:51:51.583] [DEBUG] cheese - null
[2021-02-03T10:51:51.584] [DEBUG] cheese - null
[2021-02-03T10:51:52.958] [DEBUG] cheese - login => username:admin,password:1234561
[2021-02-03T10:51:52.958] [DEBUG] cheese - admin
[2021-02-03T10:51:52.960] [DEBUG] cheese - null
[2021-02-03T10:51:52.960] [DEBUG] cheese - null
[2021-02-03T10:52:36.748] [DEBUG] cheese - login => username:admin,password:123456
[2021-02-03T10:52:36.748] [DEBUG] cheese - admin
[2021-02-03T10:52:36.750] [DEBUG] cheese - null
[2021-02-03T10:52:36.750] [DEBUG] cheese - null
[2021-02-03T10:53:20.245] [DEBUG] cheese - login => username:admin,password:123456
[2021-02-03T10:53:20.245] [DEBUG] cheese - admin
[2021-02-03T10:53:20.256] [DEBUG] cheese - null
[2021-02-03T10:53:20.256] [DEBUG] cheese - null
[2021-02-03T11:00:03.822] [DEBUG] cheese - login => username:admin,password:123456
[2021-02-03T11:00:03.822] [DEBUG] cheese - admin
[2021-02-03T11:00:03.824] [DEBUG] cheese - null
[2021-02-03T11:00:03.824] [DEBUG] cheese - null
[2021-02-03T11:02:06.605] [DEBUG] cheese - login => username:admin,password:123456
[2021-02-03T11:02:06.606] [DEBUG] cheese - admin
[2021-02-03T11:02:06.607] [DEBUG] cheese - null
[2021-02-03T11:02:06.608] [DEBUG] cheese - null
[2021-02-03T11:11:06.151] [DEBUG] cheese - login => username:admin,password:123456
[2021-02-03T11:11:06.151] [DEBUG] cheese - admin
[2021-02-03T11:11:06.153] [DEBUG] cheese - null
[2021-02-03T11:11:06.153] [DEBUG] cheese - null
[2021-02-03T11:14:34.079] [DEBUG] cheese - login => username:admin,password:123456
[2021-02-03T11:14:34.079] [DEBUG] cheese - admin
[2021-02-03T11:14:34.082] [DEBUG] cheese - null
[2021-02-03T11:14:34.082] [DEBUG] cheese - null
[2021-02-03T11:14:36.229] [DEBUG] cheese - login => username:admin,password:123456
[2021-02-03T11:14:36.229] [DEBUG] cheese - admin
[2021-02-03T11:14:36.232] [DEBUG] cheese - null
[2021-02-03T11:14:36.232] [DEBUG] cheese - null
[2021-02-03T11:14:37.797] [DEBUG] cheese - login => username:admin,password:123456
[2021-02-03T11:14:37.797] [DEBUG] cheese - admin
[2021-02-03T11:14:37.799] [DEBUG] cheese - null
[2021-02-03T11:14:37.799] [DEBUG] cheese - null
[2021-02-03T11:14:38.181] [DEBUG] cheese - login => username:admin,password:123456
[2021-02-03T11:14:38.181] [DEBUG] cheese - admin
[2021-02-03T11:14:38.183] [DEBUG] cheese - null
[2021-02-03T11:14:38.183] [DEBUG] cheese - null
[2021-02-03T11:14:38.541] [DEBUG] cheese - login => username:admin,password:123456
[2021-02-03T11:14:38.541] [DEBUG] cheese - admin
[2021-02-03T11:14:38.543] [DEBUG] cheese - null
[2021-02-03T11:14:38.543] [DEBUG] cheese - null
[2021-02-03T11:14:41.112] [DEBUG] cheese - login => username:admin,password:123456
[2021-02-03T11:14:41.112] [DEBUG] cheese - admin
[2021-02-03T11:14:41.113] [DEBUG] cheese - null
[2021-02-03T11:14:41.113] [DEBUG] cheese - null
[2021-02-03T11:14:42.765] [DEBUG] cheese - login => username:admin,password:1234562
[2021-02-03T11:14:42.765] [DEBUG] cheese - admin
[2021-02-03T11:14:42.767] [DEBUG] cheese - null
[2021-02-03T11:14:42.767] [DEBUG] cheese - null
[2021-02-03T11:16:53.205] [DEBUG] cheese - login => username:admin,password:12345621
[2021-02-03T11:16:53.205] [DEBUG] cheese - admin
[2021-02-03T11:16:53.207] [DEBUG] cheese - null
[2021-02-03T11:16:53.207] [DEBUG] cheese - null
[2021-02-03T11:16:54.053] [DEBUG] cheese - login => username:admin,password:12345621
[2021-02-03T11:16:54.053] [DEBUG] cheese - admin
[2021-02-03T11:16:54.055] [DEBUG] cheese - null
[2021-02-03T11:16:54.055] [DEBUG] cheese - null
[2021-02-03T11:16:54.597] [DEBUG] cheese - login => username:admin,password:12345621
[2021-02-03T11:16:54.598] [DEBUG] cheese - admin
[2021-02-03T11:16:54.599] [DEBUG] cheese - null
[2021-02-03T11:16:54.599] [DEBUG] cheese - null
[2021-02-03T11:16:57.278] [DEBUG] cheese - login => username:admin,password:123456
[2021-02-03T11:16:57.278] [DEBUG] cheese - admin
[2021-02-03T11:16:57.280] [DEBUG] cheese - null
[2021-02-03T11:16:57.280] [DEBUG] cheese - null
[2021-02-03T11:17:01.527] [DEBUG] cheese - login => username:admin,password:123456
[2021-02-03T11:17:01.527] [DEBUG] cheese - admin
[2021-02-03T11:17:01.529] [DEBUG] cheese - null
[2021-02-03T11:17:01.529] [DEBUG] cheese - null
[2021-02-03T11:29:54.303] [DEBUG] cheese - login => username:admin,password:123456
[2021-02-03T11:29:54.303] [DEBUG] cheese - admin
[2021-02-03T11:29:54.306] [DEBUG] cheese - null
[2021-02-03T11:29:54.306] [DEBUG] cheese - null
[2021-02-03T11:33:44.681] [DEBUG] cheese - login => username:admin,password:123456
[2021-02-03T11:33:44.681] [DEBUG] cheese - admin
[2021-02-03T11:33:44.683] [DEBUG] cheese - null
[2021-02-03T11:33:44.683] [DEBUG] cheese - null
[2021-02-03T11:34:10.148] [DEBUG] cheese - login => username:admin,password:123456
[2021-02-03T11:34:10.149] [DEBUG] cheese - admin
[2021-02-03T11:34:10.151] [DEBUG] cheese - null
[2021-02-03T11:34:10.151] [DEBUG] cheese - null
[2021-02-03T11:54:08.831] [DEBUG] cheese - login => username:admin,password:123456
[2021-02-03T11:54:08.831] [DEBUG] cheese - admin
[2021-02-03T11:54:08.833] [DEBUG] cheese - null
[2021-02-03T11:54:08.833] [DEBUG] cheese - null
[2021-02-03T11:56:40.670] [DEBUG] cheese - login => username:admin,password:123456
[2021-02-03T11:56:40.670] [DEBUG] cheese - admin
[2021-02-03T11:56:40.673] [DEBUG] cheese - null
[2021-02-03T11:56:40.673] [DEBUG] cheese - null
[2021-02-03T11:56:44.843] [DEBUG] cheese - login => username:admin,password:123456
[2021-02-03T11:56:44.844] [DEBUG] cheese - admin
[2021-02-03T11:56:44.846] [DEBUG] cheese - null
[2021-02-03T11:56:44.846] [DEBUG] cheese - null
[2021-02-03T12:03:48.549] [DEBUG] cheese - login => username:admin,password:123456
[2021-02-03T12:03:48.549] [DEBUG] cheese - admin
[2021-02-03T12:03:48.553] [DEBUG] cheese - null
[2021-02-03T12:03:48.554] [DEBUG] cheese - null
[2021-02-03T12:04:21.157] [DEBUG] cheese - login => username:admin,password:123456
[2021-02-03T12:04:21.157] [DEBUG] cheese - admin
[2021-02-03T12:04:21.159] [DEBUG] cheese - null
[2021-02-03T12:04:21.159] [DEBUG] cheese - null
[2021-02-03T12:06:02.294] [DEBUG] cheese - login => username:admin,password:123456
[2021-02-03T12:06:02.294] [DEBUG] cheese - admin
[2021-02-03T12:06:02.296] [DEBUG] cheese - null
[2021-02-03T12:06:02.297] [DEBUG] cheese - null
[2021-02-03T12:06:05.526] [DEBUG] cheese - login => username:admin,password:123456
[2021-02-03T12:06:05.527] [DEBUG] cheese - admin
[2021-02-03T12:06:05.529] [DEBUG] cheese - null
[2021-02-03T12:06:05.529] [DEBUG] cheese - null
[2021-02-03T12:06:52.726] [DEBUG] cheese - login => username:admin,password:123456
[2021-02-03T12:06:52.726] [DEBUG] cheese - admin
[2021-02-03T12:06:52.728] [DEBUG] cheese - null
[2021-02-03T12:06:52.728] [DEBUG] cheese - null
[2021-02-03T12:06:56.558] [DEBUG] cheese - login => username:admin,password:123456
[2021-02-03T12:06:56.558] [DEBUG] cheese - admin
[2021-02-03T12:06:56.559] [DEBUG] cheese - null
[2021-02-03T12:06:56.559] [DEBUG] cheese - null
[2021-02-03T12:07:15.302] [DEBUG] cheese - login => username:admin,password:123456
[2021-02-03T12:07:15.302] [DEBUG] cheese - admin
[2021-02-03T12:07:15.304] [DEBUG] cheese - null
[2021-02-03T12:07:15.304] [DEBUG] cheese - null
[2021-02-03T12:07:29.917] [DEBUG] cheese - login => username:admin,password:123456
[2021-02-03T12:07:29.917] [DEBUG] cheese - admin
[2021-02-03T12:07:29.919] [DEBUG] cheese - null
[2021-02-03T12:07:29.919] [DEBUG] cheese - null
[2021-02-03T12:09:17.196] [DEBUG] cheese - login => username:admin,password:123456
[2021-02-03T12:09:17.196] [DEBUG] cheese - admin
[2021-02-03T12:09:17.198] [DEBUG] cheese - null
[2021-02-03T12:09:17.198] [DEBUG] cheese - null
[2021-02-03T12:09:20.706] [DEBUG] cheese - login => username:admin,password:123456
[2021-02-03T12:09:20.706] [DEBUG] cheese - admin
[2021-02-03T12:09:20.708] [DEBUG] cheese - null
[2021-02-03T12:09:20.708] [DEBUG] cheese - null
[2021-02-03T12:09:22.860] [DEBUG] cheese - login => username:admin,password:123456
[2021-02-03T12:09:22.860] [DEBUG] cheese - admin
[2021-02-03T12:09:22.862] [DEBUG] cheese - null
[2021-02-03T12:09:22.862] [DEBUG] cheese - null
[2021-02-03T21:19:09.419] [DEBUG] cheese - login => username:admin,password:123456
[2021-02-03T21:19:09.420] [DEBUG] cheese - admin
[2021-02-03T21:19:09.431] [DEBUG] cheese - null
[2021-02-03T21:19:09.432] [DEBUG] cheese - null
[2021-02-03T21:19:18.282] [DEBUG] cheese - login => username:admin,password:123456
[2021-02-03T21:19:18.282] [DEBUG] cheese - admin
[2021-02-03T21:19:18.284] [DEBUG] cheese - null
[2021-02-03T21:19:18.285] [DEBUG] cheese - null
[2021-02-03T21:50:32.145] [DEBUG] cheese - login => username:admin,password:123456
[2021-02-03T21:50:32.145] [DEBUG] cheese - admin
[2021-02-03T21:50:32.147] [DEBUG] cheese - null
[2021-02-03T21:50:32.147] [DEBUG] cheese - null
[2021-02-03T22:02:50.465] [DEBUG] cheese - login => username:admin,password:123456
[2021-02-03T22:02:50.465] [DEBUG] cheese - admin
[2021-02-03T22:02:50.467] [DEBUG] cheese - null
[2021-02-03T22:02:50.467] [DEBUG] cheese - null
[2021-02-03T23:14:57.200] [DEBUG] cheese - login => username:admin,password:123456
[2021-02-03T23:14:57.202] [DEBUG] cheese - admin
[2021-02-03T23:14:57.224] [DEBUG] cheese - null
[2021-02-03T23:14:57.224] [DEBUG] cheese - null
[2021-02-03T23:20:33.523] [DEBUG] cheese - login => username:admin,password:123456
[2021-02-03T23:20:33.523] [DEBUG] cheese - admin
[2021-02-03T23:20:33.526] [DEBUG] cheese - null
[2021-02-03T23:20:33.526] [DEBUG] cheese - null
[2021-02-04T06:11:38.297] [DEBUG] cheese - login => username:admin,password:123456
[2021-02-04T06:11:38.297] [DEBUG] cheese - admin
[2021-02-04T06:11:38.303] [DEBUG] cheese - null
[2021-02-04T06:11:38.303] [DEBUG] cheese - null
[2021-02-04T06:11:42.299] [DEBUG] cheese - login => username:admin,password:123456
[2021-02-04T06:11:42.299] [DEBUG] cheese - admin
[2021-02-04T06:11:42.301] [DEBUG] cheese - null
[2021-02-04T06:11:42.301] [DEBUG] cheese - null
[2021-02-04T07:37:56.118] [DEBUG] cheese - login => username:admin,password:123456
[2021-02-04T07:37:56.119] [DEBUG] cheese - admin
[2021-02-04T07:37:56.123] [DEBUG] cheese - null
[2021-02-04T07:37:56.123] [DEBUG] cheese - null
[2021-02-04T07:43:32.125] [DEBUG] cheese - login => username:admin,password:123456
[2021-02-04T07:43:32.127] [DEBUG] cheese - admin
[2021-02-04T07:43:32.138] [DEBUG] cheese - null
[2021-02-04T07:43:32.138] [DEBUG] cheese - null
[2021-02-04T07:44:21.523] [DEBUG] cheese - null
[2021-02-04T08:23:42.438] [DEBUG] cheese - login => username:admin,password:123456
[2021-02-04T08:23:42.439] [DEBUG] cheese - admin
[2021-02-04T08:23:42.449] [DEBUG] cheese - null
[2021-02-04T08:23:42.450] [DEBUG] cheese - null
[2021-02-04T08:42:07.538] [DEBUG] cheese - login => username:admin,password:123456
[2021-02-04T08:42:07.538] [DEBUG] cheese - admin
[2021-02-04T08:42:07.541] [DEBUG] cheese - null
[2021-02-04T08:42:07.541] [DEBUG] cheese - null
[2021-02-04T08:42:42.505] [DEBUG] cheese - login => username:admin,password:123456
[2021-02-04T08:42:42.505] [DEBUG] cheese - admin
[2021-02-04T08:42:42.508] [DEBUG] cheese - null
[2021-02-04T08:42:42.508] [DEBUG] cheese - null
[2021-02-04T08:45:14.541] [DEBUG] cheese - login => username:admin,password:123456
[2021-02-04T08:45:14.542] [DEBUG] cheese - admin
[2021-02-04T08:45:14.545] [DEBUG] cheese - null
[2021-02-04T08:45:14.545] [DEBUG] cheese - null
[2021-02-04T08:45:57.737] [DEBUG] cheese - login => username:admin,password:123456
[2021-02-04T08:45:57.738] [DEBUG] cheese - admin
[2021-02-04T08:45:57.740] [DEBUG] cheese - null
[2021-02-04T08:45:57.740] [DEBUG] cheese - null
[2021-02-04T08:46:31.457] [DEBUG] cheese - login => username:admin,password:123456
[2021-02-04T08:46:31.457] [DEBUG] cheese - admin
[2021-02-04T08:46:31.459] [DEBUG] cheese - null
[2021-02-04T08:46:31.459] [DEBUG] cheese - null
[2021-02-05T04:20:22.026] [DEBUG] cheese - login => username:admin,password:123456
[2021-02-05T04:20:22.036] [DEBUG] cheese - admin
[2021-02-05T04:20:22.085] [DEBUG] cheese - null
[2021-02-05T04:20:22.087] [DEBUG] cheese - null
[2021-02-05T04:21:07.718] [DEBUG] cheese - login => username:admin,password:123456
[2021-02-05T04:21:07.719] [DEBUG] cheese - admin
[2021-02-05T04:21:07.727] [DEBUG] cheese - null
[2021-02-05T04:21:07.727] [DEBUG] cheese - null
[2021-02-05T04:28:35.759] [DEBUG] cheese - login => username:admin,password:123456
[2021-02-05T04:28:35.760] [DEBUG] cheese - admin
[2021-02-05T04:28:35.769] [DEBUG] cheese - null
[2021-02-05T04:28:35.769] [DEBUG] cheese - null
[2021-02-05T04:28:39.321] [DEBUG] cheese - login => username:admin,password:123456
[2021-02-05T04:28:39.322] [DEBUG] cheese - admin
[2021-02-05T04:28:39.327] [DEBUG] cheese - null
[2021-02-05T04:28:39.327] [DEBUG] cheese - null
[2021-02-05T05:06:05.488] [DEBUG] cheese - login => username:admin,password:123456
[2021-02-05T05:06:05.488] [DEBUG] cheese - admin
[2021-02-05T05:06:05.492] [DEBUG] cheese - null
[2021-02-05T05:06:05.492] [DEBUG] cheese - null
[2021-02-05T05:25:00.248] [DEBUG] cheese - login => username:admin,password:123456
[2021-02-05T05:25:00.248] [DEBUG] cheese - admin
[2021-02-05T05:25:00.252] [DEBUG] cheese - null
[2021-02-05T05:25:00.252] [DEBUG] cheese - null
[2021-02-06T02:23:34.754] [DEBUG] cheese - login => username:admin,password:123456
[2021-02-06T02:23:34.756] [DEBUG] cheese - admin
[2021-02-06T02:23:34.767] [DEBUG] cheese - null
[2021-02-06T02:23:34.768] [DEBUG] cheese - null
[2021-02-06T02:35:06.753] [DEBUG] cheese - login => username:admin,password:123456
[2021-02-06T02:35:06.754] [DEBUG] cheese - admin
[2021-02-06T02:35:06.757] [DEBUG] cheese - null
[2021-02-06T02:35:06.758] [DEBUG] cheese - null
[2021-02-06T04:32:33.225] [DEBUG] cheese - login => username:admin,password:123456
[2021-02-06T04:32:33.227] [DEBUG] cheese - admin
[2021-02-06T04:32:33.237] [DEBUG] cheese - null
[2021-02-06T04:32:33.237] [DEBUG] cheese - null
[2021-02-08T07:01:37.913] [DEBUG] cheese - login => username:admin,password:123456
[2021-02-08T07:01:37.914] [DEBUG] cheese - admin
[2021-02-08T07:03:24.226] [DEBUG] cheese - login => username:admin,password:123456
[2021-02-08T07:03:24.226] [DEBUG] cheese - admin
[2021-02-08T07:03:24.238] [DEBUG] cheese - login => username:admin,password:123456
[2021-02-08T07:03:24.238] [DEBUG] cheese - admin
[2021-02-08T07:03:24.248] [DEBUG] cheese - login => username:admin,password:123456
[2021-02-08T07:03:24.249] [DEBUG] cheese - admin
[2021-02-08T07:03:24.276] [DEBUG] cheese - null
[2021-02-08T07:03:24.278] [DEBUG] cheese - null
[2021-02-08T07:03:24.457] [DEBUG] cheese - login => username:admin,password:123456
[2021-02-08T07:03:24.458] [DEBUG] cheese - admin
[2021-02-08T07:03:24.464] [DEBUG] cheese - null
[2021-02-08T07:03:24.464] [DEBUG] cheese - null
[2021-02-08T07:03:24.548] [DEBUG] cheese - null
[2021-02-08T07:03:24.548] [DEBUG] cheese - null
[2021-02-08T07:03:24.638] [DEBUG] cheese - null
[2021-02-08T07:03:24.638] [DEBUG] cheese - null
[2021-02-08T07:03:24.724] [DEBUG] cheese - null
[2021-02-08T07:03:24.724] [DEBUG] cheese - null
[2021-02-08T07:03:45.486] [DEBUG] cheese - login => username:admin,password:123456
[2021-02-08T07:03:45.486] [DEBUG] cheese - admin
[2021-02-08T07:03:45.490] [DEBUG] cheese - null
[2021-02-08T07:03:45.490] [DEBUG] cheese - null
[2021-02-14T20:52:47.412] [DEBUG] cheese - login => username:admin,password:123456
[2021-02-14T20:52:47.414] [DEBUG] cheese - admin
[2021-02-14T20:52:47.474] [DEBUG] cheese - null
[2021-02-14T20:52:47.475] [DEBUG] cheese - null
[2021-02-14T21:37:27.191] [DEBUG] cheese - login => username:admin,password:123456
[2021-02-14T21:37:27.193] [DEBUG] cheese - admin
[2021-02-14T21:37:27.210] [DEBUG] cheese - null
[2021-02-14T21:37:27.210] [DEBUG] cheese - null
[2021-02-22T01:02:52.395] [DEBUG] cheese - login => username:admin,password:123456
[2021-02-22T01:02:52.396] [DEBUG] cheese - admin
[2021-02-22T01:02:52.408] [DEBUG] cheese - null
[2021-02-22T01:02:52.409] [DEBUG] cheese - null
[2021-02-22T01:17:42.151] [DEBUG] cheese - login => username:admin,password:123456
[2021-02-22T01:17:42.151] [DEBUG] cheese - admin
[2021-02-22T01:17:42.155] [DEBUG] cheese - null
[2021-02-22T01:17:42.156] [DEBUG] cheese - null
[2021-02-22T03:20:23.142] [DEBUG] cheese - login => username:admin,password:123456
[2021-02-22T03:20:23.143] [DEBUG] cheese - admin
[2021-02-22T03:20:23.146] [DEBUG] cheese - null
[2021-02-22T03:20:23.146] [DEBUG] cheese - null
[2021-02-22T04:54:25.211] [DEBUG] cheese - null
[2021-05-16T14:41:45.216] [DEBUG] cheese - login => username:admin,password:123456
[2021-05-16T14:41:45.217] [DEBUG] cheese - admin
[2021-05-16T14:41:45.322] [DEBUG] cheese - null
[2021-05-16T14:41:45.323] [DEBUG] cheese - null
[2021-06-08T16:59:26.469] [DEBUG] cheese - login => username:admin,password:123456
[2021-06-08T16:59:26.477] [DEBUG] cheese - admin
[2021-06-08T16:59:26.634] [DEBUG] cheese - null
[2021-06-08T16:59:26.635] [DEBUG] cheese - null
[2021-06-29T13:14:08.456] [DEBUG] cheese - login => username:admin,password:123456
[2021-06-29T13:14:08.467] [DEBUG] cheese - admin
[2021-06-29T13:14:08.598] [DEBUG] cheese - null
[2021-06-29T13:14:08.600] [DEBUG] cheese - null
[2021-06-29T17:09:08.046] [DEBUG] cheese - login => username:admin,password:123456
[2021-06-29T17:09:08.049] [DEBUG] cheese - admin
[2021-06-29T17:09:08.055] [DEBUG] cheese - null
[2021-06-29T17:09:08.055] [DEBUG] cheese - null
[2021-06-29T17:09:09.559] [DEBUG] cheese - login => username:admin,password:123456
[2021-06-29T17:09:09.560] [DEBUG] cheese - admin
[2021-06-29T17:09:09.564] [DEBUG] cheese - null
[2021-06-29T17:09:09.565] [DEBUG] cheese - null
[2021-06-29T17:09:29.155] [DEBUG] cheese - login => username:admin,password:123456
[2021-06-29T17:09:29.156] [DEBUG] cheese - admin
[2021-06-29T17:09:29.157] [DEBUG] cheese - null
[2021-06-29T17:09:29.158] [DEBUG] cheese - null
[2021-06-29T17:09:45.176] [DEBUG] cheese - login => username:admin,password:123456
[2021-06-29T17:09:45.177] [DEBUG] cheese - admin
[2021-06-29T17:09:45.179] [DEBUG] cheese - null
[2021-06-29T17:09:45.179] [DEBUG] cheese - null
